<?xml version="1.0" encoding="UTF-8" ?>
<testsuite tests="9" failures="0" name="repository.TestTweetRepository" time="1.129" errors="0" skipped="0">
  <properties>
[...]
</properties>
  <testcase classname="repository.TestTweetRepository" name="testa_pesquisar_por_idUsuario" time="0.128"/>
  <testcase classname="repository.TestTweetRepository" name="testa_remover_tweet" time="0.127"/>
  <testcase classname="repository.TestTweetRepository" name="testa_consultar_tweet" time="0.097"/>
  <testcase classname="repository.TestTweetRepository" name="testa_listar_todos_os_tweets" time="0.211"/>
  <testcase classname="repository.TestTweetRepository" name="testa_pesquisarDTO_tweet_por_id" time="0.107"/>
  <testcase classname="repository.TestTweetRepository" name="testa_contar_por_tweet_id" time="0.12"/>
  <testcase classname="repository.TestTweetRepository" name="testa_pesquisar_tweet_sem_filtro" time="0.114"/>
  <testcase classname="repository.TestTweetRepository" name="testa_inserir_tweet" time="0.117"/>
  <testcase classname="repository.TestTweetRepository" name="testa_alterar_tweet" time="0.108"/>
</testsuite>